2023-04-10 19:18:08.296 [info] Extension host with pid 657 started
2023-04-10 19:18:08.322 [info] Lock '/home/laura/.vscode-server/data/User/workspaceStorage/ce68cf7eda161d11756a6df3bd86015b/vscode.lock': Lock acquired.
2023-04-10 19:18:08.407 [info] ExtensionService#_doActivateExtension vscode.emmet, startup: false, activationEvent: 'onLanguage'
2023-04-10 19:18:08.409 [info] ExtensionService#_doActivateExtension vscode.configuration-editing, startup: false, activationEvent: 'onLanguage:jsonc'
2023-04-10 19:18:08.409 [info] ExtensionService#_doActivateExtension vscode.json-language-features, startup: false, activationEvent: 'onLanguage:jsonc'
2023-04-10 19:18:08.410 [info] ExtensionService#_doActivateExtension vscode.typescript-language-features, startup: false, activationEvent: 'onLanguage:jsonc'
2023-04-10 19:18:08.903 [info] ExtensionService#_doActivateExtension vscode.git-base, startup: true, activationEvent: '*', root cause: vscode.git
2023-04-10 19:18:08.937 [info] ExtensionService#_doActivateExtension vscode.git, startup: true, activationEvent: '*'
2023-04-10 19:18:08.938 [info] ExtensionService#_doActivateExtension vscode.github, startup: true, activationEvent: '*'
2023-04-10 19:18:09.119 [info] Eager extensions activated
2023-04-10 19:18:09.120 [info] ExtensionService#_doActivateExtension vscode.debug-auto-launch, startup: false, activationEvent: 'onStartupFinished'
2023-04-10 19:18:09.120 [info] ExtensionService#_doActivateExtension vscode.merge-conflict, startup: false, activationEvent: 'onStartupFinished'
2023-04-10 19:18:09.121 [info] ExtensionService#_doActivateExtension ritwickdey.LiveServer, startup: false, activationEvent: 'onStartupFinished'
2023-04-10 19:18:55.272 [error] Error: spawn Chrome ENOENT
	at Process.ChildProcess._handle.onexit (node:internal/child_process:283:19)
	at onErrorNT (node:internal/child_process:478:16)
	at processTicksAndRejections (node:internal/process/task_queues:83:21)
	at runNextTicks (node:internal/process/task_queues:65:3)
	at processTimers (node:internal/timers:499:9)
2023-04-10 19:24:08.027 [error] Error: spawn Google Chrome ENOENT
	at Process.ChildProcess._handle.onexit (node:internal/child_process:283:19)
	at onErrorNT (node:internal/child_process:478:16)
	at processTicksAndRejections (node:internal/process/task_queues:83:21)
2023-04-10 19:27:47.079 [info] Extension host terminating: received terminate message from renderer
2023-04-10 19:27:47.079 [info] Lock '/home/laura/.vscode-server/data/User/workspaceStorage/ce68cf7eda161d11756a6df3bd86015b/vscode.lock': Marking the lockfile as scheduled to be released in 6000 ms.
2023-04-10 19:27:47.133 [info] Extension host with pid 657 exiting with code 0
