2023-04-11 15:56:44.139 [info] Extension host with pid 94 started
2023-04-11 15:56:44.177 [info] Lock '/home/laura/.vscode-server/data/User/workspaceStorage/ce68cf7eda161d11756a6df3bd86015b/vscode.lock': Lock acquired.
2023-04-11 15:56:44.221 [info] ExtensionService#_doActivateExtension vscode.emmet, startup: false, activationEvent: 'onLanguage'
2023-04-11 15:56:44.360 [info] ExtensionService#_doActivateExtension vscode.git-base, startup: true, activationEvent: '*', root cause: vscode.git
2023-04-11 15:56:44.618 [info] ExtensionService#_doActivateExtension vscode.git, startup: true, activationEvent: '*'
2023-04-11 15:56:44.618 [info] ExtensionService#_doActivateExtension vscode.github, startup: true, activationEvent: '*'
2023-04-11 15:56:44.819 [info] Eager extensions activated
2023-04-11 15:56:44.819 [info] ExtensionService#_doActivateExtension vscode.debug-auto-launch, startup: false, activationEvent: 'onStartupFinished'
2023-04-11 15:56:44.820 [info] ExtensionService#_doActivateExtension vscode.merge-conflict, startup: false, activationEvent: 'onStartupFinished'
2023-04-11 15:56:44.820 [info] ExtensionService#_doActivateExtension ritwickdey.LiveServer, startup: false, activationEvent: 'onStartupFinished'
2023-04-11 15:56:55.345 [info] ExtensionService#_doActivateExtension vscode.configuration-editing, startup: false, activationEvent: 'onLanguage:jsonc'
2023-04-11 15:56:55.346 [info] ExtensionService#_doActivateExtension vscode.json-language-features, startup: false, activationEvent: 'onLanguage:jsonc'
2023-04-11 15:56:55.347 [info] ExtensionService#_doActivateExtension vscode.typescript-language-features, startup: false, activationEvent: 'onLanguage:jsonc'
2023-04-11 15:56:58.248 [info] ExtensionService#_doActivateExtension vscode.html-language-features, startup: false, activationEvent: 'onLanguage:html'
2023-04-11 15:57:12.383 [error] Error: spawn Google Chrome ENOENT
	at Process.ChildProcess._handle.onexit (node:internal/child_process:283:19)
	at onErrorNT (node:internal/child_process:478:16)
	at processTicksAndRejections (node:internal/process/task_queues:83:21)
2023-04-11 15:57:23.552 [error] Error: spawn Google Chrome ENOENT
	at Process.ChildProcess._handle.onexit (node:internal/child_process:283:19)
	at onErrorNT (node:internal/child_process:478:16)
	at processTicksAndRejections (node:internal/process/task_queues:83:21)
2023-04-11 15:57:47.541 [error] Error: spawn Google Chrome ENOENT
	at Process.ChildProcess._handle.onexit (node:internal/child_process:283:19)
	at onErrorNT (node:internal/child_process:478:16)
	at processTicksAndRejections (node:internal/process/task_queues:83:21)
2023-04-11 15:57:56.437 [info] Extension host terminating: received terminate message from renderer
2023-04-11 15:57:56.438 [info] Lock '/home/laura/.vscode-server/data/User/workspaceStorage/ce68cf7eda161d11756a6df3bd86015b/vscode.lock': Marking the lockfile as scheduled to be released in 6000 ms.
2023-04-11 15:57:56.531 [info] Extension host with pid 94 exiting with code 0
