2023-04-10 19:03:19.745 [info] Log level: Info
2023-04-10 19:03:19.745 [info] Validating found git in: "git"
2023-04-10 19:03:19.745 [info] Using git "2.34.1" from "git"
2023-04-10 19:03:19.745 [info] > git rev-parse --show-toplevel [28ms]
2023-04-10 19:03:19.745 [info] fatal: not a git repository (or any of the parent directories): .git
2023-04-10 19:03:19.745 [info] > git rev-parse --show-toplevel [2ms]
2023-04-10 19:03:19.745 [info] fatal: not a git repository (or any of the parent directories): .git
2023-04-10 19:03:19.766 [info] > git rev-parse --show-toplevel [22ms]
2023-04-10 19:03:19.766 [info] fatal: not a git repository (or any of the parent directories): .git
2023-04-10 19:03:19.775 [info] > git rev-parse --show-toplevel [4ms]
2023-04-10 19:03:19.775 [info] fatal: not a git repository (or any of the parent directories): .git
2023-04-10 19:03:47.805 [info] > git rev-parse --show-toplevel [5ms]
2023-04-10 19:03:47.805 [info] fatal: not a git repository (or any of the parent directories): .git
2023-04-10 19:03:48.369 [info] > git rev-parse --show-toplevel [1ms]
2023-04-10 19:03:48.369 [info] fatal: not a git repository (or any of the parent directories): .git
2023-04-10 19:03:54.206 [info] > git rev-parse --show-toplevel [1ms]
2023-04-10 19:03:54.206 [info] fatal: not a git repository (or any of the parent directories): .git
2023-04-10 19:04:25.604 [info] > git rev-parse --show-toplevel [4ms]
2023-04-10 19:04:25.604 [info] fatal: not a git repository (or any of the parent directories): .git
2023-04-10 19:17:17.525 [info] > git rev-parse --show-toplevel [12ms]
2023-04-10 19:17:17.525 [info] fatal: not a git repository (or any of the parent directories): .git
