2023-10-25 20:34:56.838 [info] Log level: Info
2023-10-25 20:34:56.838 [info] Validating found git in: "git"
2023-10-25 20:34:56.838 [info] Using git "2.34.1" from "git"
2023-10-25 20:34:56.838 [info] > git rev-parse --show-toplevel [52ms]
2023-10-25 20:34:56.883 [info] > git rev-parse --git-dir --git-common-dir [32ms]
2023-10-25 20:34:56.896 [info] Open repository: /home/laura
2023-10-25 20:34:56.914 [info] > git rev-parse --show-toplevel [9ms]
2023-10-25 20:34:56.924 [info] > git config --get commit.template [13ms]
2023-10-25 20:34:56.926 [info] > git rev-parse --show-toplevel [4ms]
2023-10-25 20:34:56.949 [info] > git rev-parse --show-toplevel [17ms]
2023-10-25 20:34:56.970 [info] > git for-each-ref --format=%(refname)%00%(upstream:short)%00%(objectname)%00%(upstream:track)%00%(upstream:remotename)%00%(upstream:remoteref) refs/heads/master refs/remotes/master [28ms]
2023-10-25 20:34:56.978 [info] > git rev-parse --show-toplevel [9ms]
2023-10-25 20:34:57.230 [info] > git ls-files --stage -- /home/laura/web.html [4ms]
2023-10-25 20:34:57.239 [info] > git show --textconv :web.html [19ms]
2023-10-25 20:34:57.242 [info] > git cat-file -s f31173b18b2efb401fe9a94f05ebb479682f34a9 [5ms]
2023-10-25 20:34:57.477 [info] > git check-ignore -v -z --stdin [9ms]
2023-10-25 20:34:57.674 [info] > git status -z -uall [698ms]
2023-10-25 20:34:58.705 [info] > git config --get commit.template [882ms]
2023-10-25 20:34:58.797 [info] > git for-each-ref --format=%(refname)%00%(upstream:short)%00%(objectname)%00%(upstream:track)%00%(upstream:remotename)%00%(upstream:remoteref) refs/heads/master refs/remotes/master [4ms]
2023-10-25 20:34:58.866 [info] > git status -z -uall [51ms]
2023-10-25 20:35:04.099 [info] > git config --get commit.template [16ms]
2023-10-25 20:35:04.101 [info] > git for-each-ref --format=%(refname)%00%(upstream:short)%00%(objectname)%00%(upstream:track)%00%(upstream:remotename)%00%(upstream:remoteref) refs/heads/master refs/remotes/master [5ms]
2023-10-25 20:35:04.150 [info] > git status -z -uall [37ms]
2023-10-25 20:35:09.237 [info] > git config --get commit.template [1ms]
2023-10-25 20:35:09.245 [info] > git for-each-ref --format=%(refname)%00%(upstream:short)%00%(objectname)%00%(upstream:track)%00%(upstream:remotename)%00%(upstream:remoteref) refs/heads/master refs/remotes/master [1ms]
2023-10-25 20:35:09.274 [info] > git status -z -uall [23ms]
2023-10-25 20:35:14.384 [info] > git config --get commit.template [2ms]
2023-10-25 20:35:14.398 [info] > git for-each-ref --format=%(refname)%00%(upstream:short)%00%(objectname)%00%(upstream:track)%00%(upstream:remotename)%00%(upstream:remoteref) refs/heads/master refs/remotes/master [2ms]
2023-10-25 20:35:14.445 [info] > git status -z -uall [40ms]
2023-10-25 20:35:33.053 [info] > git config --get commit.template [2ms]
2023-10-25 20:35:33.066 [info] > git for-each-ref --format=%(refname)%00%(upstream:short)%00%(objectname)%00%(upstream:track)%00%(upstream:remotename)%00%(upstream:remoteref) refs/heads/master refs/remotes/master [1ms]
2023-10-25 20:35:33.105 [info] > git status -z -uall [32ms]
2023-10-25 20:35:38.189 [info] > git config --get commit.template [1ms]
2023-10-25 20:35:38.196 [info] > git for-each-ref --format=%(refname)%00%(upstream:short)%00%(objectname)%00%(upstream:track)%00%(upstream:remotename)%00%(upstream:remoteref) refs/heads/master refs/remotes/master [1ms]
2023-10-25 20:35:38.228 [info] > git status -z -uall [25ms]
2023-10-25 20:35:43.307 [info] > git config --get commit.template [1ms]
2023-10-25 20:35:43.314 [info] > git for-each-ref --format=%(refname)%00%(upstream:short)%00%(objectname)%00%(upstream:track)%00%(upstream:remotename)%00%(upstream:remoteref) refs/heads/master refs/remotes/master [1ms]
2023-10-25 20:35:43.348 [info] > git status -z -uall [29ms]
2023-10-25 20:35:48.456 [info] > git config --get commit.template [1ms]
2023-10-25 20:35:48.466 [info] > git for-each-ref --format=%(refname)%00%(upstream:short)%00%(objectname)%00%(upstream:track)%00%(upstream:remotename)%00%(upstream:remoteref) refs/heads/master refs/remotes/master [2ms]
2023-10-25 20:35:48.499 [info] > git status -z -uall [26ms]
2023-10-25 20:35:56.467 [info] > git config --get commit.template [25ms]
2023-10-25 20:35:56.468 [info] > git for-each-ref --format=%(refname)%00%(upstream:short)%00%(objectname)%00%(upstream:track)%00%(upstream:remotename)%00%(upstream:remoteref) refs/heads/master refs/remotes/master [3ms]
2023-10-25 20:35:56.510 [info] > git status -z -uall [32ms]
2023-10-25 20:36:17.437 [info] > git config --get commit.template [12ms]
2023-10-25 20:36:17.438 [info] > git for-each-ref --format=%(refname)%00%(upstream:short)%00%(objectname)%00%(upstream:track)%00%(upstream:remotename)%00%(upstream:remoteref) refs/heads/master refs/remotes/master [2ms]
2023-10-25 20:36:17.470 [info] > git status -z -uall [27ms]
2023-10-25 20:36:22.573 [info] > git config --get commit.template [1ms]
2023-10-25 20:36:22.580 [info] > git for-each-ref --format=%(refname)%00%(upstream:short)%00%(objectname)%00%(upstream:track)%00%(upstream:remotename)%00%(upstream:remoteref) refs/heads/master refs/remotes/master [1ms]
2023-10-25 20:36:22.607 [info] > git status -z -uall [22ms]
2023-10-25 20:36:27.677 [info] > git config --get commit.template [7ms]
2023-10-25 20:36:27.678 [info] > git for-each-ref --format=%(refname)%00%(upstream:short)%00%(objectname)%00%(upstream:track)%00%(upstream:remotename)%00%(upstream:remoteref) refs/heads/master refs/remotes/master [1ms]
2023-10-25 20:36:27.707 [info] > git status -z -uall [23ms]
2023-10-25 20:36:32.781 [info] > git config --get commit.template [1ms]
2023-10-25 20:36:32.791 [info] > git for-each-ref --format=%(refname)%00%(upstream:short)%00%(objectname)%00%(upstream:track)%00%(upstream:remotename)%00%(upstream:remoteref) refs/heads/master refs/remotes/master [1ms]
2023-10-25 20:36:32.823 [info] > git status -z -uall [25ms]
2023-10-25 20:36:37.883 [info] > git config --get commit.template [1ms]
2023-10-25 20:36:37.894 [info] > git for-each-ref --format=%(refname)%00%(upstream:short)%00%(objectname)%00%(upstream:track)%00%(upstream:remotename)%00%(upstream:remoteref) refs/heads/master refs/remotes/master [1ms]
2023-10-25 20:36:37.933 [info] > git status -z -uall [31ms]
2023-10-25 20:36:43.012 [info] > git config --get commit.template [1ms]
2023-10-25 20:36:43.019 [info] > git for-each-ref --format=%(refname)%00%(upstream:short)%00%(objectname)%00%(upstream:track)%00%(upstream:remotename)%00%(upstream:remoteref) refs/heads/master refs/remotes/master [1ms]
2023-10-25 20:36:43.045 [info] > git status -z -uall [20ms]
2023-10-25 20:36:48.753 [info] > git config --get commit.template [1ms]
2023-10-25 20:36:48.762 [info] > git for-each-ref --format=%(refname)%00%(upstream:short)%00%(objectname)%00%(upstream:track)%00%(upstream:remotename)%00%(upstream:remoteref) refs/heads/master refs/remotes/master [2ms]
2023-10-25 20:36:48.789 [info] > git status -z -uall [22ms]
2023-10-25 20:36:53.846 [info] > git config --get commit.template [1ms]
2023-10-25 20:36:53.864 [info] > git for-each-ref --format=%(refname)%00%(upstream:short)%00%(objectname)%00%(upstream:track)%00%(upstream:remotename)%00%(upstream:remoteref) refs/heads/master refs/remotes/master [1ms]
2023-10-25 20:36:53.892 [info] > git status -z -uall [21ms]
2023-10-25 20:36:58.973 [info] > git config --get commit.template [1ms]
2023-10-25 20:36:58.981 [info] > git for-each-ref --format=%(refname)%00%(upstream:short)%00%(objectname)%00%(upstream:track)%00%(upstream:remotename)%00%(upstream:remoteref) refs/heads/master refs/remotes/master [1ms]
2023-10-25 20:36:59.009 [info] > git status -z -uall [22ms]
2023-10-25 20:38:56.822 [info] > git config --get commit.template [7ms]
2023-10-25 20:38:56.837 [info] > git for-each-ref --format=%(refname)%00%(upstream:short)%00%(objectname)%00%(upstream:track)%00%(upstream:remotename)%00%(upstream:remoteref) refs/heads/master refs/remotes/master [1ms]
2023-10-25 20:38:56.914 [info] > git status -z -uall [69ms]
