2023-10-25 20:34:55.659 [info] Extension host with pid 3103 started
2023-10-25 20:34:55.727 [info] ExtensionService#_doActivateExtension vscode.html-language-features, startup: false, activationEvent: 'onLanguage:html'
2023-10-25 20:34:55.729 [info] ExtensionService#_doActivateExtension vscode.emmet, startup: false, activationEvent: 'onLanguage'
2023-10-25 20:34:55.861 [info] Lock '/home/laura/.vscode-server/data/User/workspaceStorage/ce68cf7eda161d11756a6df3bd86015b/vscode.lock': Lock acquired.
2023-10-25 20:34:56.563 [info] ExtensionService#_doActivateExtension vscode.git-base, startup: true, activationEvent: '*', root cause: vscode.git
2023-10-25 20:34:56.585 [info] ExtensionService#_doActivateExtension vscode.git, startup: true, activationEvent: '*'
2023-10-25 20:34:56.585 [info] ExtensionService#_doActivateExtension vscode.github, startup: true, activationEvent: '*'
2023-10-25 20:34:56.782 [info] Eager extensions activated
2023-10-25 20:34:56.783 [info] ExtensionService#_doActivateExtension vscode.debug-auto-launch, startup: false, activationEvent: 'onStartupFinished'
2023-10-25 20:34:56.784 [info] ExtensionService#_doActivateExtension vscode.merge-conflict, startup: false, activationEvent: 'onStartupFinished'
2023-10-25 20:34:56.785 [info] ExtensionService#_doActivateExtension ritwickdey.LiveServer, startup: false, activationEvent: 'onStartupFinished'
2023-10-25 20:34:57.788 [warning] [Decorations] CAPPING events from decorations provider vscode.git 6315
2023-10-25 20:34:58.952 [warning] [Decorations] CAPPING events from decorations provider vscode.git 6315
2023-10-25 20:35:04.212 [warning] [Decorations] CAPPING events from decorations provider vscode.git 6315
2023-10-25 20:35:09.355 [warning] [Decorations] CAPPING events from decorations provider vscode.git 6315
2023-10-25 20:35:14.500 [warning] [Decorations] CAPPING events from decorations provider vscode.git 6315
2023-10-25 20:35:33.154 [warning] [Decorations] CAPPING events from decorations provider vscode.git 6315
2023-10-25 20:35:38.282 [warning] [Decorations] CAPPING events from decorations provider vscode.git 6315
2023-10-25 20:35:43.399 [warning] [Decorations] CAPPING events from decorations provider vscode.git 6315
2023-10-25 20:35:48.541 [warning] [Decorations] CAPPING events from decorations provider vscode.git 6315
2023-10-25 20:35:56.570 [warning] [Decorations] CAPPING events from decorations provider vscode.git 6315
2023-10-25 20:36:17.537 [warning] [Decorations] CAPPING events from decorations provider vscode.git 6317
2023-10-25 20:36:22.651 [warning] [Decorations] CAPPING events from decorations provider vscode.git 6317
2023-10-25 20:36:27.760 [warning] [Decorations] CAPPING events from decorations provider vscode.git 6317
2023-10-25 20:36:32.862 [warning] [Decorations] CAPPING events from decorations provider vscode.git 6317
2023-10-25 20:36:37.992 [warning] [Decorations] CAPPING events from decorations provider vscode.git 6317
2023-10-25 20:36:43.082 [warning] [Decorations] CAPPING events from decorations provider vscode.git 6317
2023-10-25 20:36:48.829 [warning] [Decorations] CAPPING events from decorations provider vscode.git 6317
2023-10-25 20:36:53.941 [warning] [Decorations] CAPPING events from decorations provider vscode.git 6317
2023-10-25 20:36:59.051 [warning] [Decorations] CAPPING events from decorations provider vscode.git 6318
2023-10-25 20:38:56.983 [warning] [Decorations] CAPPING events from decorations provider vscode.git 6318
