2023-04-10 19:27:59.962 [info] Extension host with pid 779 started
2023-04-10 19:27:59.995 [info] ExtensionService#_doActivateExtension vscode.emmet, startup: false, activationEvent: 'onLanguage'
2023-04-10 19:28:00.021 [info] Lock '/home/laura/.vscode-server/data/User/workspaceStorage/ce68cf7eda161d11756a6df3bd86015b/vscode.lock': Lock acquired.
2023-04-10 19:28:00.100 [info] ExtensionService#_doActivateExtension vscode.git-base, startup: true, activationEvent: '*', root cause: vscode.git
2023-04-10 19:28:00.408 [info] ExtensionService#_doActivateExtension vscode.git, startup: true, activationEvent: '*'
2023-04-10 19:28:00.409 [info] ExtensionService#_doActivateExtension vscode.github, startup: true, activationEvent: '*'
2023-04-10 19:28:00.600 [info] Eager extensions activated
2023-04-10 19:28:00.601 [info] ExtensionService#_doActivateExtension vscode.debug-auto-launch, startup: false, activationEvent: 'onStartupFinished'
2023-04-10 19:28:00.603 [info] ExtensionService#_doActivateExtension vscode.merge-conflict, startup: false, activationEvent: 'onStartupFinished'
2023-04-10 19:28:00.604 [info] ExtensionService#_doActivateExtension ritwickdey.LiveServer, startup: false, activationEvent: 'onStartupFinished'
2023-04-10 19:28:06.872 [error] Error: spawn Google Chrome ENOENT
	at Process.ChildProcess._handle.onexit (node:internal/child_process:283:19)
	at onErrorNT (node:internal/child_process:478:16)
	at processTicksAndRejections (node:internal/process/task_queues:83:21)
2023-04-10 19:28:31.016 [info] ExtensionService#_doActivateExtension vscode.configuration-editing, startup: false, activationEvent: 'onLanguage:jsonc'
2023-04-10 19:28:31.017 [info] ExtensionService#_doActivateExtension vscode.json-language-features, startup: false, activationEvent: 'onLanguage:jsonc'
2023-04-10 19:28:31.018 [info] ExtensionService#_doActivateExtension vscode.typescript-language-features, startup: false, activationEvent: 'onLanguage:jsonc'
2023-04-10 19:29:27.834 [error] Error: spawn Google Chrome ENOENT
	at Process.ChildProcess._handle.onexit (node:internal/child_process:283:19)
	at onErrorNT (node:internal/child_process:478:16)
	at processTicksAndRejections (node:internal/process/task_queues:83:21)
2023-04-10 19:29:35.879 [info] ExtensionService#_doActivateExtension vscode.html-language-features, startup: false, activationEvent: 'onLanguage:html'
2023-04-10 19:29:42.519 [error] Error: spawn Google Chrome ENOENT
	at Process.ChildProcess._handle.onexit (node:internal/child_process:283:19)
	at onErrorNT (node:internal/child_process:478:16)
	at processTicksAndRejections (node:internal/process/task_queues:83:21)
2023-04-10 19:33:39.907 [error] Error: spawn Google Chrome ENOENT
	at Process.ChildProcess._handle.onexit (node:internal/child_process:283:19)
	at onErrorNT (node:internal/child_process:478:16)
	at processTicksAndRejections (node:internal/process/task_queues:83:21)
2023-04-10 19:34:15.986 [error] Error: spawn Google Chrome ENOENT
	at Process.ChildProcess._handle.onexit (node:internal/child_process:283:19)
	at onErrorNT (node:internal/child_process:478:16)
	at processTicksAndRejections (node:internal/process/task_queues:83:21)
2023-04-10 19:37:27.959 [info] Extension host terminating: received terminate message from renderer
2023-04-10 19:37:27.960 [info] Lock '/home/laura/.vscode-server/data/User/workspaceStorage/ce68cf7eda161d11756a6df3bd86015b/vscode.lock': Marking the lockfile as scheduled to be released in 6000 ms.
2023-04-10 19:37:28.045 [info] Extension host with pid 779 exiting with code 0
