2023-04-11 16:06:00.909 [info] Log level: Info
2023-04-11 16:06:00.909 [info] Validating found git in: "git"
2023-04-11 16:06:00.909 [info] Using git "2.34.1" from "git"
2023-04-11 16:06:00.909 [info] > git rev-parse --show-toplevel [35ms]
2023-04-11 16:06:00.909 [info] fatal: not a git repository (or any of the parent directories): .git
2023-04-11 16:06:00.910 [info] > git rev-parse --show-toplevel [2ms]
2023-04-11 16:06:00.910 [info] fatal: not a git repository (or any of the parent directories): .git
2023-04-11 16:06:00.940 [info] > git rev-parse --show-toplevel [25ms]
2023-04-11 16:06:00.940 [info] fatal: not a git repository (or any of the parent directories): .git
2023-04-11 16:06:00.947 [info] > git rev-parse --show-toplevel [2ms]
2023-04-11 16:06:00.948 [info] fatal: not a git repository (or any of the parent directories): .git
2023-04-11 16:09:31.823 [info] > git rev-parse --show-toplevel [10ms]
2023-04-11 16:09:31.823 [info] fatal: not a git repository (or any of the parent directories): .git
2023-04-11 16:19:55.580 [info] > git rev-parse --show-toplevel [5ms]
2023-04-11 16:19:55.581 [info] fatal: not a git repository (or any of the parent directories): .git
2023-04-11 16:20:03.846 [info] > git rev-parse --show-toplevel [3ms]
2023-04-11 16:20:03.846 [info] fatal: not a git repository (or any of the parent directories): .git
2023-04-11 16:24:17.583 [info] > git rev-parse --show-toplevel [3ms]
2023-04-11 16:24:17.583 [info] fatal: not a git repository (or any of the parent directories): .git
2023-04-11 16:24:20.479 [info] > git rev-parse --show-toplevel [5ms]
2023-04-11 16:24:20.479 [info] fatal: not a git repository (or any of the parent directories): .git
2023-04-11 16:28:13.782 [info] > git rev-parse --show-toplevel [1ms]
2023-04-11 16:28:13.783 [info] fatal: not a git repository (or any of the parent directories): .git
2023-04-11 16:29:06.398 [info] > git rev-parse --show-toplevel [1ms]
2023-04-11 16:29:06.398 [info] fatal: not a git repository (or any of the parent directories): .git
2023-04-11 16:29:21.272 [info] > git rev-parse --show-toplevel [4ms]
2023-04-11 16:29:21.272 [info] fatal: not a git repository (or any of the parent directories): .git
2023-04-11 16:30:19.963 [info] > git rev-parse --show-toplevel [4ms]
2023-04-11 16:30:19.963 [info] fatal: not a git repository (or any of the parent directories): .git
